build/app/intermediates/manifest_merge_blame_file/release/processReleaseMainManifest/manifest-merger-blame-release-report.txt
1<?xml version="1.0" encoding="utf-8"?>
2<manifest xmlns:android="http://schemas.android.com/apk/res/android"
3    package="com.iconic.socialv"
4    android:versionCode="67"
5    android:versionName="9.1.8" >
6
7    <uses-sdk
8        android:minSdkVersion="24"
9        android:targetSdkVersion="35" />
10
11    <uses-permission android:name="android.permission.INTERNET" />
11-->src/main/AndroidManifest.xml:7:5-67
11-->src/main/AndroidManifest.xml:7:22-64
12
13    <queries>
13-->[:file_picker] AndroidManifest.xml:7:5-13:15
14        <intent>
14-->[:file_picker] AndroidManifest.xml:8:9-12:18
15            <action android:name="android.intent.action.GET_CONTENT" />
15-->[:file_picker] AndroidManifest.xml:9:13-72
15-->[:file_picker] AndroidManifest.xml:9:21-69
16
17            <data android:mimeType="*/*" />
17-->src/main/AndroidManifest.xml:41:17-47
18        </intent>
19        <intent>
19-->[:flutter_inappwebview_android] AndroidManifest.xml:8:9-10:18
20            <action android:name="android.support.customtabs.action.CustomTabsService" />
20-->[:flutter_inappwebview_android] AndroidManifest.xml:9:13-90
20-->[:flutter_inappwebview_android] AndroidManifest.xml:9:21-87
21        </intent> <!-- Added to check the default browser that will host the AuthFlow. -->
22        <intent>
22-->[com.stripe:financial-connections:21.6.0] AndroidManifest.xml:13:9-17:18
23            <action android:name="android.intent.action.VIEW" />
23-->src/main/AndroidManifest.xml:33:17-69
23-->src/main/AndroidManifest.xml:33:25-66
24
25            <data android:scheme="http" />
25-->src/main/AndroidManifest.xml:41:17-47
25-->src/main/AndroidManifest.xml:41:23-44
26        </intent> <!-- Added to check if Chrome is installed for browser-based payment authentication (e.g. 3DS1). -->
27        <package android:name="com.android.chrome" /> <!-- For browser content -->
27-->[com.stripe:payments-core:21.6.0] AndroidManifest.xml:11:9-54
27-->[com.stripe:payments-core:21.6.0] AndroidManifest.xml:11:18-51
28        <intent>
28-->[com.google.android.gms:play-services-ads-api:24.1.0] AndroidManifest.xml:38:9-44:18
29            <action android:name="android.intent.action.VIEW" />
29-->src/main/AndroidManifest.xml:33:17-69
29-->src/main/AndroidManifest.xml:33:25-66
30
31            <category android:name="android.intent.category.BROWSABLE" />
31-->src/main/AndroidManifest.xml:36:17-78
31-->src/main/AndroidManifest.xml:36:27-75
32
33            <data android:scheme="https" />
33-->src/main/AndroidManifest.xml:41:17-47
33-->src/main/AndroidManifest.xml:41:23-44
34        </intent> <!-- End of CustomTabsService -->
35        <!-- For MRAID capabilities -->
36        <intent>
36-->[com.google.android.gms:play-services-ads-api:24.1.0] AndroidManifest.xml:52:9-56:18
37            <action android:name="android.intent.action.INSERT" />
37-->[com.google.android.gms:play-services-ads-api:24.1.0] AndroidManifest.xml:53:13-67
37-->[com.google.android.gms:play-services-ads-api:24.1.0] AndroidManifest.xml:53:21-64
38
39            <data android:mimeType="vnd.android.cursor.dir/event" />
39-->src/main/AndroidManifest.xml:41:17-47
40        </intent>
41        <intent>
41-->[com.google.android.gms:play-services-ads-api:24.1.0] AndroidManifest.xml:57:9-61:18
42            <action android:name="android.intent.action.VIEW" />
42-->src/main/AndroidManifest.xml:33:17-69
42-->src/main/AndroidManifest.xml:33:25-66
43
44            <data android:scheme="sms" />
44-->src/main/AndroidManifest.xml:41:17-47
44-->src/main/AndroidManifest.xml:41:23-44
45        </intent>
46        <intent>
46-->[com.google.android.gms:play-services-ads-api:24.1.0] AndroidManifest.xml:62:9-66:18
47            <action android:name="android.intent.action.DIAL" />
47-->[com.google.android.gms:play-services-ads-api:24.1.0] AndroidManifest.xml:63:13-65
47-->[com.google.android.gms:play-services-ads-api:24.1.0] AndroidManifest.xml:63:21-62
48
49            <data android:path="tel:" />
49-->src/main/AndroidManifest.xml:41:17-47
50        </intent>
51        <intent>
51-->[com.razorpay:standard-core:1.7.10] AndroidManifest.xml:11:9-17:18
52            <action android:name="android.intent.action.VIEW" />
52-->src/main/AndroidManifest.xml:33:17-69
52-->src/main/AndroidManifest.xml:33:25-66
53
54            <data
54-->src/main/AndroidManifest.xml:41:17-47
55                android:mimeType="*/*"
56                android:scheme="*" />
56-->src/main/AndroidManifest.xml:41:23-44
57        </intent>
58        <intent>
58-->[com.razorpay:standard-core:1.7.10] AndroidManifest.xml:18:9-27:18
59            <action android:name="android.intent.action.VIEW" />
59-->src/main/AndroidManifest.xml:33:17-69
59-->src/main/AndroidManifest.xml:33:25-66
60
61            <category android:name="android.intent.category.BROWSABLE" />
61-->src/main/AndroidManifest.xml:36:17-78
61-->src/main/AndroidManifest.xml:36:27-75
62
63            <data
63-->src/main/AndroidManifest.xml:41:17-47
64                android:host="pay"
64-->src/main/AndroidManifest.xml:45:23-56
65                android:mimeType="*/*"
66                android:scheme="upi" />
66-->src/main/AndroidManifest.xml:41:23-44
67        </intent>
68        <intent>
68-->[com.razorpay:standard-core:1.7.10] AndroidManifest.xml:28:9-30:18
69            <action android:name="android.intent.action.MAIN" />
69-->src/main/AndroidManifest.xml:52:17-69
69-->src/main/AndroidManifest.xml:52:25-66
70        </intent>
71        <intent>
71-->[com.razorpay:standard-core:1.7.10] AndroidManifest.xml:31:9-35:18
72            <action android:name="android.intent.action.SEND" />
72-->[com.razorpay:standard-core:1.7.10] AndroidManifest.xml:32:13-65
72-->[com.razorpay:standard-core:1.7.10] AndroidManifest.xml:32:21-62
73
74            <data android:mimeType="*/*" />
74-->src/main/AndroidManifest.xml:41:17-47
75        </intent>
76        <intent>
76-->[com.razorpay:standard-core:1.7.10] AndroidManifest.xml:36:9-38:18
77            <action android:name="rzp.device_token.share" />
77-->[com.razorpay:standard-core:1.7.10] AndroidManifest.xml:37:13-61
77-->[com.razorpay:standard-core:1.7.10] AndroidManifest.xml:37:21-58
78        </intent>
79        <intent>
79-->[com.android.billingclient:billing:7.1.1] AndroidManifest.xml:13:9-15:18
80            <action android:name="com.android.vending.billing.InAppBillingService.BIND" />
80-->[com.android.billingclient:billing:7.1.1] AndroidManifest.xml:14:13-91
80-->[com.android.billingclient:billing:7.1.1] AndroidManifest.xml:14:21-88
81        </intent>
82        <intent>
82-->[com.android.billingclient:billing:7.1.1] AndroidManifest.xml:16:9-18:18
83            <action android:name="com.google.android.apps.play.billingtestcompanion.BillingOverrideService.BIND" />
83-->[com.android.billingclient:billing:7.1.1] AndroidManifest.xml:17:13-116
83-->[com.android.billingclient:billing:7.1.1] AndroidManifest.xml:17:21-113
84        </intent> <!-- Needs to be explicitly declared on Android R+ -->
85        <package android:name="com.google.android.apps.maps" />
85-->[com.google.android.gms:play-services-maps:18.0.2] AndroidManifest.xml:33:9-64
85-->[com.google.android.gms:play-services-maps:18.0.2] AndroidManifest.xml:33:18-61
86    </queries>
87
88    <uses-permission android:name="android.permission.ACCESS_NETWORK_STATE" />
88-->[:nb_utils] AndroidManifest.xml:8:5-79
88-->[:nb_utils] AndroidManifest.xml:8:22-76
89    <uses-permission android:name="android.permission.WAKE_LOCK" /> <!-- Permissions options for the `notification` group -->
89-->[:firebase_messaging] AndroidManifest.xml:8:5-68
89-->[:firebase_messaging] AndroidManifest.xml:8:22-65
90    <uses-permission android:name="android.permission.POST_NOTIFICATIONS" /> <!-- Required by older versions of Google Play services to create IID tokens -->
90-->[:firebase_messaging] AndroidManifest.xml:11:5-77
90-->[:firebase_messaging] AndroidManifest.xml:11:22-74
91    <uses-permission android:name="com.google.android.c2dm.permission.RECEIVE" />
91-->[com.google.firebase:firebase-messaging:24.1.2] AndroidManifest.xml:26:5-82
91-->[com.google.firebase:firebase-messaging:24.1.2] AndroidManifest.xml:26:22-79
92    <uses-permission android:name="android.permission.VIBRATE" />
92-->[:flutter_local_notifications] AndroidManifest.xml:7:5-66
92-->[:flutter_local_notifications] AndroidManifest.xml:7:22-63
93    <uses-permission android:name="android.permission.READ_PHONE_STATE" />
93-->[:agora_rtc_engine] AndroidManifest.xml:9:5-75
93-->[:agora_rtc_engine] AndroidManifest.xml:9:22-72
94    <uses-permission android:name="android.permission.RECORD_AUDIO" />
94-->[:agora_rtc_engine] AndroidManifest.xml:10:5-71
94-->[:agora_rtc_engine] AndroidManifest.xml:10:22-68
95    <uses-permission android:name="android.permission.CAMERA" />
95-->[:agora_rtc_engine] AndroidManifest.xml:11:5-65
95-->[:agora_rtc_engine] AndroidManifest.xml:11:22-62
96    <uses-permission android:name="android.permission.MODIFY_AUDIO_SETTINGS" />
96-->[:agora_rtc_engine] AndroidManifest.xml:12:5-80
96-->[:agora_rtc_engine] AndroidManifest.xml:12:22-77
97    <uses-permission android:name="android.permission.ACCESS_WIFI_STATE" /> <!-- The Agora SDK requires Bluetooth permissions in case users are using Bluetooth devices. -->
97-->[:agora_rtc_engine] AndroidManifest.xml:13:5-76
97-->[:agora_rtc_engine] AndroidManifest.xml:13:22-73
98    <uses-permission android:name="android.permission.BLUETOOTH" /> <!-- For Android 12 and above devices, the following permission is also required. -->
98-->[:agora_rtc_engine] AndroidManifest.xml:17:5-68
98-->[:agora_rtc_engine] AndroidManifest.xml:17:22-65
99    <uses-permission android:name="android.permission.BLUETOOTH_CONNECT" />
99-->[:agora_rtc_engine] AndroidManifest.xml:19:5-76
99-->[:agora_rtc_engine] AndroidManifest.xml:19:22-73
100    <uses-permission android:name="com.google.android.gms.permission.AD_ID" />
100-->[com.google.android.gms:play-services-ads-api:24.1.0] AndroidManifest.xml:26:5-79
100-->[com.google.android.gms:play-services-ads-api:24.1.0] AndroidManifest.xml:26:22-76
101    <uses-permission android:name="android.permission.ACCESS_ADSERVICES_AD_ID" />
101-->[com.google.android.gms:play-services-ads-api:24.1.0] AndroidManifest.xml:27:5-82
101-->[com.google.android.gms:play-services-ads-api:24.1.0] AndroidManifest.xml:27:22-79
102    <uses-permission android:name="android.permission.ACCESS_ADSERVICES_ATTRIBUTION" />
102-->[com.google.android.gms:play-services-ads-api:24.1.0] AndroidManifest.xml:28:5-88
102-->[com.google.android.gms:play-services-ads-api:24.1.0] AndroidManifest.xml:28:22-85
103    <uses-permission android:name="android.permission.ACCESS_ADSERVICES_TOPICS" />
103-->[com.google.android.gms:play-services-ads-api:24.1.0] AndroidManifest.xml:29:5-83
103-->[com.google.android.gms:play-services-ads-api:24.1.0] AndroidManifest.xml:29:22-80
104    <uses-permission android:name="com.google.android.finsky.permission.BIND_GET_INSTALL_REFERRER_SERVICE" />
104-->[com.google.android.gms:play-services-measurement:22.5.0] AndroidManifest.xml:26:5-110
104-->[com.google.android.gms:play-services-measurement:22.5.0] AndroidManifest.xml:26:22-107
105    <uses-permission android:name="com.google.android.providers.gsf.permission.READ_GSERVICES" />
105-->[com.google.android.recaptcha:recaptcha:18.6.1] AndroidManifest.xml:9:5-98
105-->[com.google.android.recaptcha:recaptcha:18.6.1] AndroidManifest.xml:9:22-95
106    <uses-permission android:name="com.android.vending.BILLING" />
106-->[com.android.billingclient:billing:7.1.1] AndroidManifest.xml:10:5-67
106-->[com.android.billingclient:billing:7.1.1] AndroidManifest.xml:10:22-64
107
108    <uses-feature
108-->[com.google.android.gms:play-services-maps:18.0.2] AndroidManifest.xml:26:5-28:35
109        android:glEsVersion="0x00020000"
109-->[com.google.android.gms:play-services-maps:18.0.2] AndroidManifest.xml:27:9-41
110        android:required="true" />
110-->[com.google.android.gms:play-services-maps:18.0.2] AndroidManifest.xml:28:9-32
111
112    <uses-permission android:name="android.permission.FOREGROUND_SERVICE" />
112-->[androidx.work:work-runtime:2.7.0] AndroidManifest.xml:28:5-77
112-->[androidx.work:work-runtime:2.7.0] AndroidManifest.xml:28:22-74
113
114    <permission
114-->[androidx.core:core:1.15.0] AndroidManifest.xml:22:5-24:47
115        android:name="com.iconic.socialv.DYNAMIC_RECEIVER_NOT_EXPORTED_PERMISSION"
115-->[androidx.core:core:1.15.0] AndroidManifest.xml:23:9-81
116        android:protectionLevel="signature" />
116-->[androidx.core:core:1.15.0] AndroidManifest.xml:24:9-44
117
118    <uses-permission android:name="com.iconic.socialv.DYNAMIC_RECEIVER_NOT_EXPORTED_PERMISSION" />
118-->[androidx.core:core:1.15.0] AndroidManifest.xml:26:5-97
118-->[androidx.core:core:1.15.0] AndroidManifest.xml:26:22-94
119    <uses-permission android:name="android.permission.FOREGROUND_SERVICE_MEDIA_PROJECTION" /> <!-- Normal permission, automatically granted on API 23+ -->
119-->[io.agora.rtc:full-screen-sharing:4.5.2] AndroidManifest.xml:8:5-94
119-->[io.agora.rtc:full-screen-sharing:4.5.2] AndroidManifest.xml:8:22-91
120    <uses-permission android:name="android.permission.READ_BASIC_PHONE_STATE" />
120-->[com.razorpay:core:1.0.10] AndroidManifest.xml:10:5-81
120-->[com.razorpay:core:1.0.10] AndroidManifest.xml:10:22-78
121
122    <application
123        android:name="android.app.Application"
123-->src/main/AndroidManifest.xml:10:9-42
124        android:appComponentFactory="androidx.core.app.CoreComponentFactory"
124-->[androidx.core:core:1.15.0] AndroidManifest.xml:28:18-86
125        android:extractNativeLibs="true"
125-->src/main/AndroidManifest.xml:11:9-41
126        android:icon="@mipmap/ic_launcher"
126-->src/main/AndroidManifest.xml:12:9-43
127        android:label="SocialV"
127-->src/main/AndroidManifest.xml:13:13-36
128        android:usesCleartextTraffic="true" >
128-->src/main/AndroidManifest.xml:14:9-44
129        <meta-data
129-->src/main/AndroidManifest.xml:15:9-17:71
130            android:name="com.google.firebase.messaging.default_notification_channel_id"
130-->src/main/AndroidManifest.xml:16:13-89
131            android:value="@string/default_notification_channel_id" />
131-->src/main/AndroidManifest.xml:17:13-68
132
133        <activity
133-->src/main/AndroidManifest.xml:19:9-66:20
134            android:name="com.iconic.socialv.MainActivity"
134-->src/main/AndroidManifest.xml:20:13-41
135            android:configChanges="orientation|keyboardHidden|keyboard|screenSize|smallestScreenSize|locale|layoutDirection|fontScale|screenLayout|density|uiMode"
135-->src/main/AndroidManifest.xml:21:13-163
136            android:exported="true"
136-->src/main/AndroidManifest.xml:22:13-36
137            android:hardwareAccelerated="true"
137-->src/main/AndroidManifest.xml:23:13-47
138            android:launchMode="singleTop"
138-->src/main/AndroidManifest.xml:24:13-43
139            android:screenOrientation="portrait"
139-->src/main/AndroidManifest.xml:26:13-49
140            android:theme="@style/LaunchTheme"
140-->src/main/AndroidManifest.xml:25:13-47
141            android:windowSoftInputMode="adjustResize" >
141-->src/main/AndroidManifest.xml:27:13-55
142            <meta-data
142-->src/main/AndroidManifest.xml:29:13-31:40
143                android:name="flutter_deeplinking_enabled"
143-->src/main/AndroidManifest.xml:30:17-59
144                android:value="true" />
144-->src/main/AndroidManifest.xml:31:17-37
145
146            <intent-filter android:autoVerify="true" >
146-->src/main/AndroidManifest.xml:32:13-46:29
146-->src/main/AndroidManifest.xml:32:28-53
147                <action android:name="android.intent.action.VIEW" />
147-->src/main/AndroidManifest.xml:33:17-69
147-->src/main/AndroidManifest.xml:33:25-66
148
149                <category android:name="android.intent.category.DEFAULT" />
149-->src/main/AndroidManifest.xml:35:17-76
149-->src/main/AndroidManifest.xml:35:27-73
150                <category android:name="android.intent.category.BROWSABLE" />
150-->src/main/AndroidManifest.xml:36:17-78
150-->src/main/AndroidManifest.xml:36:27-75
151
152                <!--
153                     If a user clicks on a shared link that uses the "http" scheme, your
154                     app should be able to delegate that traffic to "https".
155                -->
156                <!-- Do not include other schemes. -->
157                <data android:scheme="http" />
157-->src/main/AndroidManifest.xml:41:17-47
157-->src/main/AndroidManifest.xml:41:23-44
158                <data android:scheme="https" />
158-->src/main/AndroidManifest.xml:41:17-47
158-->src/main/AndroidManifest.xml:41:23-44
159
160                <!-- Include one or more domains that should be verified. -->
161                <data android:host="apps.iqonic.design" />
161-->src/main/AndroidManifest.xml:41:17-47
161-->src/main/AndroidManifest.xml:45:23-56
162            </intent-filter>
163
164            <meta-data
164-->src/main/AndroidManifest.xml:48:13-50:57
165                android:name="io.flutter.embedding.android.NormalTheme"
165-->src/main/AndroidManifest.xml:49:17-72
166                android:resource="@style/NormalTheme" />
166-->src/main/AndroidManifest.xml:50:17-54
167
168            <intent-filter>
168-->src/main/AndroidManifest.xml:51:13-54:29
169                <action android:name="android.intent.action.MAIN" />
169-->src/main/AndroidManifest.xml:52:17-69
169-->src/main/AndroidManifest.xml:52:25-66
170
171                <category android:name="android.intent.category.LAUNCHER" />
171-->src/main/AndroidManifest.xml:53:17-77
171-->src/main/AndroidManifest.xml:53:27-74
172            </intent-filter>
173            <intent-filter>
173-->src/main/AndroidManifest.xml:55:13-58:29
174                <action android:name="FLUTTER_NOTIFICATION_CLICK" />
174-->src/main/AndroidManifest.xml:56:17-69
174-->src/main/AndroidManifest.xml:56:25-66
175
176                <category android:name="android.intent.category.DEFAULT" />
176-->src/main/AndroidManifest.xml:35:17-76
176-->src/main/AndroidManifest.xml:35:27-73
177            </intent-filter>
178
179            <meta-data
179-->src/main/AndroidManifest.xml:60:13-62:72
180                android:name="com.google.firebase.messaging.default_notification_icon"
180-->src/main/AndroidManifest.xml:61:17-87
181                android:resource="@drawable/ic_stat_ic_notification" />
181-->src/main/AndroidManifest.xml:62:17-69
182            <meta-data
182-->src/main/AndroidManifest.xml:63:13-65:57
183                android:name="com.google.firebase.messaging.default_notification_color"
183-->src/main/AndroidManifest.xml:64:17-88
184                android:resource="@color/colorAccent" />
184-->src/main/AndroidManifest.xml:65:17-54
185        </activity>
186
187        <meta-data
187-->src/main/AndroidManifest.xml:68:9-70:33
188            android:name="flutterEmbedding"
188-->src/main/AndroidManifest.xml:69:13-44
189            android:value="2" />
189-->src/main/AndroidManifest.xml:70:13-30
190        <meta-data
190-->src/main/AndroidManifest.xml:72:9-74:51
191            android:name="com.google.android.gms.ads.APPLICATION_ID"
191-->src/main/AndroidManifest.xml:73:13-69
192            android:value="Please add key here" />
192-->src/main/AndroidManifest.xml:74:13-48
193
194        <property
194-->src/main/AndroidManifest.xml:76:9-79:48
195            android:name="android.adservices.AD_SERVICES_CONFIG"
195-->src/main/AndroidManifest.xml:77:13-65
196            android:resource="@xml/gma_ad_services_config" />
196-->src/main/AndroidManifest.xml:78:13-59
197
198        <service
198-->[:firebase_remote_config] AndroidManifest.xml:8:9-12:19
199            android:name="com.google.firebase.components.ComponentDiscoveryService"
199-->[:firebase_remote_config] AndroidManifest.xml:8:18-89
200            android:directBootAware="true"
200-->[com.google.firebase:firebase-common:21.0.0] AndroidManifest.xml:32:13-43
201            android:exported="false" >
201-->[com.google.firebase:firebase-messaging:24.1.2] AndroidManifest.xml:56:13-37
202            <meta-data
202-->[:firebase_remote_config] AndroidManifest.xml:9:13-11:85
203                android:name="com.google.firebase.components:io.flutter.plugins.firebase.firebaseremoteconfig.FlutterFirebaseAppRegistrar"
203-->[:firebase_remote_config] AndroidManifest.xml:10:17-139
204                android:value="com.google.firebase.components.ComponentRegistrar" />
204-->[:firebase_remote_config] AndroidManifest.xml:11:17-82
205            <meta-data
205-->[:cloud_firestore] AndroidManifest.xml:9:13-11:85
206                android:name="com.google.firebase.components:io.flutter.plugins.firebase.firestore.FlutterFirebaseFirestoreRegistrar"
206-->[:cloud_firestore] AndroidManifest.xml:10:17-134
207                android:value="com.google.firebase.components.ComponentRegistrar" />
207-->[:cloud_firestore] AndroidManifest.xml:11:17-82
208            <meta-data
208-->[:firebase_auth] AndroidManifest.xml:9:13-11:85
209                android:name="com.google.firebase.components:io.flutter.plugins.firebase.auth.FlutterFirebaseAuthRegistrar"
209-->[:firebase_auth] AndroidManifest.xml:10:17-124
210                android:value="com.google.firebase.components.ComponentRegistrar" />
210-->[:firebase_auth] AndroidManifest.xml:11:17-82
211            <meta-data
211-->[:firebase_crashlytics] AndroidManifest.xml:9:13-11:85
212                android:name="com.google.firebase.components:io.flutter.plugins.firebase.crashlytics.FlutterFirebaseAppRegistrar"
212-->[:firebase_crashlytics] AndroidManifest.xml:10:17-130
213                android:value="com.google.firebase.components.ComponentRegistrar" />
213-->[:firebase_crashlytics] AndroidManifest.xml:11:17-82
214            <meta-data
214-->[:firebase_messaging] AndroidManifest.xml:36:13-38:85
215                android:name="com.google.firebase.components:io.flutter.plugins.firebase.messaging.FlutterFirebaseAppRegistrar"
215-->[:firebase_messaging] AndroidManifest.xml:37:17-128
216                android:value="com.google.firebase.components.ComponentRegistrar" />
216-->[:firebase_messaging] AndroidManifest.xml:38:17-82
217            <meta-data
217-->[:firebase_core] AndroidManifest.xml:9:13-11:85
218                android:name="com.google.firebase.components:io.flutter.plugins.firebase.core.FlutterFirebaseCoreRegistrar"
218-->[:firebase_core] AndroidManifest.xml:10:17-124
219                android:value="com.google.firebase.components.ComponentRegistrar" />
219-->[:firebase_core] AndroidManifest.xml:11:17-82
220            <meta-data
220-->[com.google.firebase:firebase-messaging:24.1.2] AndroidManifest.xml:57:13-59:85
221                android:name="com.google.firebase.components:com.google.firebase.messaging.FirebaseMessagingKtxRegistrar"
221-->[com.google.firebase:firebase-messaging:24.1.2] AndroidManifest.xml:58:17-122
222                android:value="com.google.firebase.components.ComponentRegistrar" />
222-->[com.google.firebase:firebase-messaging:24.1.2] AndroidManifest.xml:59:17-82
223            <meta-data
223-->[com.google.firebase:firebase-messaging:24.1.2] AndroidManifest.xml:60:13-62:85
224                android:name="com.google.firebase.components:com.google.firebase.messaging.FirebaseMessagingRegistrar"
224-->[com.google.firebase:firebase-messaging:24.1.2] AndroidManifest.xml:61:17-119
225                android:value="com.google.firebase.components.ComponentRegistrar" />
225-->[com.google.firebase:firebase-messaging:24.1.2] AndroidManifest.xml:62:17-82
226            <meta-data
226-->[com.google.firebase:firebase-auth:23.2.1] AndroidManifest.xml:69:13-71:85
227                android:name="com.google.firebase.components:com.google.firebase.auth.FirebaseAuthRegistrar"
227-->[com.google.firebase:firebase-auth:23.2.1] AndroidManifest.xml:70:17-109
228                android:value="com.google.firebase.components.ComponentRegistrar" />
228-->[com.google.firebase:firebase-auth:23.2.1] AndroidManifest.xml:71:17-82
229            <meta-data
229-->[com.google.firebase:firebase-firestore:25.1.4] AndroidManifest.xml:17:13-19:85
230                android:name="com.google.firebase.components:com.google.firebase.firestore.FirebaseFirestoreKtxRegistrar"
230-->[com.google.firebase:firebase-firestore:25.1.4] AndroidManifest.xml:18:17-122
231                android:value="com.google.firebase.components.ComponentRegistrar" />
231-->[com.google.firebase:firebase-firestore:25.1.4] AndroidManifest.xml:19:17-82
232            <meta-data
232-->[com.google.firebase:firebase-firestore:25.1.4] AndroidManifest.xml:20:13-22:85
233                android:name="com.google.firebase.components:com.google.firebase.firestore.FirestoreRegistrar"
233-->[com.google.firebase:firebase-firestore:25.1.4] AndroidManifest.xml:21:17-111
234                android:value="com.google.firebase.components.ComponentRegistrar" />
234-->[com.google.firebase:firebase-firestore:25.1.4] AndroidManifest.xml:22:17-82
235            <meta-data
235-->[com.google.firebase:firebase-crashlytics:19.4.4] AndroidManifest.xml:15:13-17:85
236                android:name="com.google.firebase.components:com.google.firebase.crashlytics.FirebaseCrashlyticsKtxRegistrar"
236-->[com.google.firebase:firebase-crashlytics:19.4.4] AndroidManifest.xml:16:17-126
237                android:value="com.google.firebase.components.ComponentRegistrar" />
237-->[com.google.firebase:firebase-crashlytics:19.4.4] AndroidManifest.xml:17:17-82
238            <meta-data
238-->[com.google.firebase:firebase-crashlytics:19.4.4] AndroidManifest.xml:18:13-20:85
239                android:name="com.google.firebase.components:com.google.firebase.crashlytics.CrashlyticsRegistrar"
239-->[com.google.firebase:firebase-crashlytics:19.4.4] AndroidManifest.xml:19:17-115
240                android:value="com.google.firebase.components.ComponentRegistrar" />
240-->[com.google.firebase:firebase-crashlytics:19.4.4] AndroidManifest.xml:20:17-82
241            <meta-data
241-->[com.google.android.gms:play-services-measurement-api:22.5.0] AndroidManifest.xml:33:13-35:85
242                android:name="com.google.firebase.components:com.google.firebase.analytics.connector.internal.AnalyticsConnectorRegistrar"
242-->[com.google.android.gms:play-services-measurement-api:22.5.0] AndroidManifest.xml:34:17-139
243                android:value="com.google.firebase.components.ComponentRegistrar" />
243-->[com.google.android.gms:play-services-measurement-api:22.5.0] AndroidManifest.xml:35:17-82
244            <meta-data
244-->[com.google.firebase:firebase-sessions:2.1.2] AndroidManifest.xml:29:13-31:85
245                android:name="com.google.firebase.components:com.google.firebase.sessions.FirebaseSessionsRegistrar"
245-->[com.google.firebase:firebase-sessions:2.1.2] AndroidManifest.xml:30:17-117
246                android:value="com.google.firebase.components.ComponentRegistrar" />
246-->[com.google.firebase:firebase-sessions:2.1.2] AndroidManifest.xml:31:17-82
247            <meta-data
247-->[com.google.firebase:firebase-config:22.1.2] AndroidManifest.xml:29:13-31:85
248                android:name="com.google.firebase.components:com.google.firebase.remoteconfig.FirebaseRemoteConfigKtxRegistrar"
248-->[com.google.firebase:firebase-config:22.1.2] AndroidManifest.xml:30:17-128
249                android:value="com.google.firebase.components.ComponentRegistrar" />
249-->[com.google.firebase:firebase-config:22.1.2] AndroidManifest.xml:31:17-82
250            <meta-data
250-->[com.google.firebase:firebase-config:22.1.2] AndroidManifest.xml:32:13-34:85
251                android:name="com.google.firebase.components:com.google.firebase.remoteconfig.RemoteConfigRegistrar"
251-->[com.google.firebase:firebase-config:22.1.2] AndroidManifest.xml:33:17-117
252                android:value="com.google.firebase.components.ComponentRegistrar" />
252-->[com.google.firebase:firebase-config:22.1.2] AndroidManifest.xml:34:17-82
253            <meta-data
253-->[com.google.firebase:firebase-installations:18.0.0] AndroidManifest.xml:15:13-17:85
254                android:name="com.google.firebase.components:com.google.firebase.installations.FirebaseInstallationsKtxRegistrar"
254-->[com.google.firebase:firebase-installations:18.0.0] AndroidManifest.xml:16:17-130
255                android:value="com.google.firebase.components.ComponentRegistrar" />
255-->[com.google.firebase:firebase-installations:18.0.0] AndroidManifest.xml:17:17-82
256            <meta-data
256-->[com.google.firebase:firebase-installations:18.0.0] AndroidManifest.xml:18:13-20:85
257                android:name="com.google.firebase.components:com.google.firebase.installations.FirebaseInstallationsRegistrar"
257-->[com.google.firebase:firebase-installations:18.0.0] AndroidManifest.xml:19:17-127
258                android:value="com.google.firebase.components.ComponentRegistrar" />
258-->[com.google.firebase:firebase-installations:18.0.0] AndroidManifest.xml:20:17-82
259            <meta-data
259-->[com.google.firebase:firebase-common-ktx:21.0.0] AndroidManifest.xml:12:13-14:85
260                android:name="com.google.firebase.components:com.google.firebase.ktx.FirebaseCommonLegacyRegistrar"
260-->[com.google.firebase:firebase-common-ktx:21.0.0] AndroidManifest.xml:13:17-116
261                android:value="com.google.firebase.components.ComponentRegistrar" />
261-->[com.google.firebase:firebase-common-ktx:21.0.0] AndroidManifest.xml:14:17-82
262            <meta-data
262-->[com.google.firebase:firebase-common:21.0.0] AndroidManifest.xml:35:13-37:85
263                android:name="com.google.firebase.components:com.google.firebase.FirebaseCommonKtxRegistrar"
263-->[com.google.firebase:firebase-common:21.0.0] AndroidManifest.xml:36:17-109
264                android:value="com.google.firebase.components.ComponentRegistrar" />
264-->[com.google.firebase:firebase-common:21.0.0] AndroidManifest.xml:37:17-82